07-12 21:44 config       DEBUG    Processing according to /home/igregor/Documents/work/ippsp/tests/01/working/PPS_config_generated_py.txt
07-12 21:44 config       INFO     reading configuration file...
07-12 21:44 train        WARNING  The project directory is not empty, this can result in unpredictable behavior.
07-12 21:44 train        INFO     Deleting old project directory..
07-12 21:44 train        INFO     creating folder structure...
07-12 21:44 train        INFO     checking database
07-12 21:44 train        INFO     Processing NCBI data...
07-12 21:44 train        INFO     tree processing...
07-12 21:44 train:tree_processing DEBUG    Generating tree from the clades list (4 clades)....
07-12 21:44 ncbi2newick  DEBUG    (((((((265606)265488)126)112)203683)203682,(((((818,817)816)815)171549)200643)976,(((((65)64)189773)189772)32061)200795)2)1;
07-12 21:44 train        INFO     mapping genomes on the tree...
07-12 21:45 train:map_genomes INFO     these 332 organisms will not be processed due to lack of mapping:
911119	911118	311458	427317	69014	1130301	427318	1130303	633148	1130305	1130304	911117	1114856	1417673	1110509	547558	797114	547559	797209	1198116	1028567	572478	1220534	1130317	867904	519442	349307	647113	877455	1227456	1261545	911120	1175296	330779	1227500	1210908	397948	70601	1130302	410358	662477	990316	243232	604354	662476	190192	453591	340102	667137	414004	402880	267377	911116	439481	485914	1435377	694430	543526	693661	1132498	1236903	374847	406327	666510	272557	439386	309800	1204725	188937	679926	1227467	768065	1201294	1227494	1236689	911133	1041930	1052841	1131266	698757	913335	420247	419942	1227463	1130300	593117	410359	644281	1379702	931277	1132505	1132504	555311	1132506	1132501	1132500	521002	1132502	644295	768679	1132509	1410576	1410575	1410574	911124	911125	911126	911127	662475	911121	911122	911123	662479	662478	224325	911128	911129	1130318	1412874	228908	426118	1001994	797304	768672	667138	178306	593750	797302	797303	1238425	1238424	1238427	1238426	1214066	387631	1131268	1104324	456320	529709	1006006	1412871	483214	1184251	521011	1052828	679901	1412872	187420	1053692	1324957	765177	1227457	859192	1151117	490899	1229908	1229909	911131	911130	1243180	795797	911135	1242690	246969	1185654	1094980	342949	797210	694429	415426	351160	1183377	269797	1198115	1237085	1227483	671065	436308	1054217	1046946	930943	429572	1227452	224719	1227454	263820	930945	1412873	1227458	1227459	859350	362976	572546	304371	583356	1263088	1070774	523846	523845	591019	1072681	64091	391623	1230458	1230459	1230454	1230455	1262903	523849	1230451	1230452	1230453	1365176	1130299	268739	1227455	426368	186497	29540	425944	368408	589924	339860	406552	1227468	273116	1198449	1227465	1227464	469382	1227466	1227461	1227460	273057	1227462	1069083	1069082	272569	933801	880724	28892	523841	163003	523850	868131	1227487	1227486	1227485	1227484	348780	1227482	1227481	1230460	416348	1227489	1227488	662480	333146	1085028	399549	261388	273063	259564	323259	478009	673860	419665	444158	1132497	79929	756883	1033806	911132	882090	1163730	1028566	444157	1052830	937775	358396	1242866	1052823	1241935	384616	1194088	667135	1056495	1230456	647171	1227495	1227496	1227497	1227490	1227491	1227492	1227493	1046938	911134	1227498	1227499	272844	1294122	192952	456442	273075	1227453	399550	261391	579137	999630	368407	1132503	1042877	1295009	1027373	751944	886738	1230457	1333523	985053	1027374	634498	1410573	1090322	1052805	1294123	573063	1052806	1052801	573064	1132499	634497
07-12 21:45 train        INFO     generating sequence fragments...
07-12 21:45 train:generate_seq INFO     processing node: 203683 (1/14)
07-12 21:45 train:generate_seq DEBUG    files for this node:2	fragments per file:357
07-12 21:45 train:generate_seq INFO     processing node: 203682 (2/14)
07-12 21:45 train:generate_seq DEBUG    files for this node:2	fragments per file:357
07-12 21:45 train:generate_seq INFO     processing node: 65 (3/14)
07-12 21:45 train:generate_seq DEBUG    files for this node:1	fragments per file:715
07-12 21:45 train:generate_seq INFO     processing node: 976 (4/14)
07-12 21:45 train:generate_seq DEBUG    files for this node:288	fragments per file:2
07-12 21:46 train:generate_seq INFO     processing node: 171549 (5/14)
07-12 21:46 train:generate_seq DEBUG    files for this node:246	fragments per file:2
07-12 21:47 train:generate_seq INFO     processing node: 200795 (6/14)
07-12 21:47 train:generate_seq DEBUG    files for this node:25	fragments per file:28
07-12 21:47 train:generate_seq INFO     processing node: 818 (7/14)
07-12 21:47 train:generate_seq DEBUG    files for this node:2	fragments per file:357
07-12 21:47 train:generate_seq INFO     processing node: 265606 (8/14)
07-12 21:47 train:generate_seq DEBUG    files for this node:4	fragments per file:178
07-12 21:47 train:generate_seq INFO     processing node: 2 (9/14)
07-12 21:47 train:generate_seq DEBUG    files for this node:20830	fragments per file:1
07-12 21:53 train:generate_seq INFO     processing node: 265488 (10/14)
07-12 21:53 train:generate_seq DEBUG    files for this node:5	fragments per file:143
07-12 21:53 train:generate_seq INFO     processing node: 126 (11/14)
07-12 21:53 train:generate_seq DEBUG    files for this node:11	fragments per file:65
07-12 21:53 train:generate_seq INFO     processing node: 32061 (12/14)
07-12 21:53 train:generate_seq DEBUG    files for this node:7	fragments per file:102
07-12 21:53 train:generate_seq INFO     processing node: 816 (13/14)
07-12 21:53 train:generate_seq DEBUG    files for this node:121	fragments per file:5
07-12 21:53 train:generate_seq INFO     processing node: 817 (14/14)
07-12 21:53 train:generate_seq DEBUG    files for this node:74	fragments per file:9
07-12 21:54 train        INFO     sample specific stuff...
07-12 21:54 train:sample_specific INFO     Processing sample specific data (all data will be used)...
07-12 21:54 train:sample_specific INFO     3 SS sequences done.
07-12 21:54 train        INFO     generating kmer features...
07-12 21:54 train:generate_kmers DEBUG    basic command for generating kmers:
/home/igregor/Documents/work/ippsp/tools/PhyloPythiaS/1_3/python_scripts/../bin/fasta2kmers2 -a a -s 1 -l 1 -o 1 -b 1 -R 1 -n 1 -r 1 -k 6 -j 4 -i INPUT -f OUTPUT
07-12 21:54 train        INFO     building models
07-12 21:54 train:build_models DEBUG    basic crossvalidation command:
/home/igregor/Documents/work/ippsp/tools/PhyloPythiaS/1_3/python_scripts/../bin/svm_phylo_cv -t 0 -g 1.0 -d 2 -s 1.0 -l 1 --L 0 --z 1 --v 1 --t /home/igregor/Documents/work/ippsp/tests/01/working/projectDir/tree.newick -x 3 -v 1 -o 2 --r 1 --S 1 -c CVAL KMER_FILE
07-12 21:54 train:build_models DEBUG    basic learning command:
/home/igregor/Documents/work/ippsp/tools/PhyloPythiaS/1_3/python_scripts/../bin/svm_phylo_learn -t 0 -g 1.0 -d 2 -s 1.0 -l 1 --L 0 --z 1 --v 1 --t /home/igregor/Documents/work/ippsp/tests/01/working/projectDir/tree.newick -v 1 -o 2 -c CVAL KMER_FILE MODEL_FILE
07-12 21:54 train:build_models INFO     building models in parallel...
07-12 21:59 train        INFO     Processing finished ...models are ready in /home/igregor/Documents/work/ippsp/tests/01/working/projectDir/models
